c:\users\alyssa\documents\openclexapps\openclraytracer\openclraytracer\x64\debug\openclraytracer.pch
c:\users\alyssa\documents\openclexapps\openclraytracer\openclraytracer\x64\debug\vc120.pdb
c:\users\alyssa\documents\openclexapps\openclraytracer\openclraytracer\x64\debug\vc120.idb
c:\users\alyssa\documents\openclexapps\openclraytracer\openclraytracer\x64\debug\stdafx.obj
c:\users\alyssa\documents\openclexapps\openclraytracer\openclraytracer\x64\debug\contextmanager.obj
c:\users\alyssa\documents\openclexapps\openclraytracer\openclraytracer\x64\debug\kernelarguments.obj
c:\users\alyssa\documents\openclexapps\openclraytracer\openclraytracer\x64\debug\object.obj
c:\users\alyssa\documents\openclexapps\openclraytracer\openclraytracer\x64\debug\openclraytracer.obj
c:\users\alyssa\documents\openclexapps\openclraytracer\openclraytracer\x64\debug\sphere.obj
c:\users\alyssa\documents\openclexapps\openclraytracer\openclraytracer\x64\debug\triangle.obj
c:\users\alyssa\documents\openclexapps\openclraytracer\openclraytracer\x64\debug\openclraytracer.res
c:\users\alyssa\documents\openclexapps\openclraytracer\x64\debug\openclraytracer.pdb
c:\users\alyssa\documents\openclexapps\openclraytracer\openclraytracer\x64\debug\openclraytracer.tlog\cl.command.1.tlog
c:\users\alyssa\documents\openclexapps\openclraytracer\openclraytracer\x64\debug\openclraytracer.tlog\cl.read.1.tlog
c:\users\alyssa\documents\openclexapps\openclraytracer\openclraytracer\x64\debug\openclraytracer.tlog\cl.write.1.tlog
c:\users\alyssa\documents\openclexapps\openclraytracer\openclraytracer\x64\debug\openclraytracer.tlog\link-cvtres.read.1.tlog
c:\users\alyssa\documents\openclexapps\openclraytracer\openclraytracer\x64\debug\openclraytracer.tlog\link-cvtres.write.1.tlog
c:\users\alyssa\documents\openclexapps\openclraytracer\openclraytracer\x64\debug\openclraytracer.tlog\link-rc.read.1.tlog
c:\users\alyssa\documents\openclexapps\openclraytracer\openclraytracer\x64\debug\openclraytracer.tlog\link-rc.write.1.tlog
c:\users\alyssa\documents\openclexapps\openclraytracer\openclraytracer\x64\debug\openclraytracer.tlog\link.command.1.tlog
c:\users\alyssa\documents\openclexapps\openclraytracer\openclraytracer\x64\debug\openclraytracer.tlog\link.read.1.tlog
c:\users\alyssa\documents\openclexapps\openclraytracer\openclraytracer\x64\debug\openclraytracer.tlog\link.write.1.tlog
c:\users\alyssa\documents\openclexapps\openclraytracer\openclraytracer\x64\debug\openclraytracer.tlog\rc.command.1.tlog
c:\users\alyssa\documents\openclexapps\openclraytracer\openclraytracer\x64\debug\openclraytracer.tlog\rc.read.1.tlog
c:\users\alyssa\documents\openclexapps\openclraytracer\openclraytracer\x64\debug\openclraytracer.tlog\rc.write.1.tlog
